2021/03/21 14:55:32 [error] [system.db.CDbCommand] CDbCommand::execute() failed: SQLSTATE[23000]: Integrity constraint violation: 1452 Cannot add or update a child row: a foreign key constraint fails (`sistemasinformacioni`.`t00300_producto`, CONSTRAINT `FK_Producto_Auditoria` FOREIGN KEY (`Co_Auditoria`) REFERENCES `t99999_auditoria` (`Co_Auditoria`)). The SQL statement executed was: INSERT INTO `t00300_producto` (`St_Activo`, `Nb_Producto`, `Co_Auditoria`) VALUES (:yp0, :yp1, :yp2).
in C:\xampp\htdocs\yii3\sistemas\protected\controllers\ProductoController.php (73)
in C:\xampp\htdocs\yii3\sistemas\index.php (13)
2021/03/21 14:55:32 [error] [exception.CDbException] CDbException: CDbCommand failed to execute the SQL statement: SQLSTATE[23000]: Integrity constraint violation: 1452 Cannot add or update a child row: a foreign key constraint fails (`sistemasinformacioni`.`t00300_producto`, CONSTRAINT `FK_Producto_Auditoria` FOREIGN KEY (`Co_Auditoria`) REFERENCES `t99999_auditoria` (`Co_Auditoria`)). The SQL statement executed was: INSERT INTO `t00300_producto` (`St_Activo`, `Nb_Producto`, `Co_Auditoria`) VALUES (:yp0, :yp1, :yp2) in C:\xampp\htdocs\yii3\framework\db\CDbCommand.php:358
Stack trace:
#0 C:\xampp\htdocs\yii3\framework\db\ar\CActiveRecord.php(1083): CDbCommand->execute()
#1 C:\xampp\htdocs\yii3\framework\db\ar\CActiveRecord.php(811): CActiveRecord->insert(NULL)
#2 C:\xampp\htdocs\yii3\sistemas\protected\controllers\ProductoController.php(73): CActiveRecord->save()
#3 C:\xampp\htdocs\yii3\framework\web\actions\CInlineAction.php(49): ProductoController->actionCreate()
#4 C:\xampp\htdocs\yii3\framework\web\CController.php(308): CInlineAction->runWithParams(Array)
#5 C:\xampp\htdocs\yii3\framework\web\filters\CFilterChain.php(134): CController->runAction(Object(CInlineAction))
#6 C:\xampp\htdocs\yii3\framework\web\filters\CFilter.php(40): CFilterChain->run()
#7 C:\xampp\htdocs\yii3\framework\web\CController.php(1148): CFilter->filter(Object(CFilterChain))
#8 C:\xampp\htdocs\yii3\framework\web\filters\CInlineFilter.php(58): CController->filterAccessControl(Object(CFilterChain))
#9 C:\xampp\htdocs\yii3\framework\web\filters\CFilterChain.php(131): CInlineFilter->filter(Object(CFilterChain))
#10 C:\xampp\htdocs\yii3\framework\web\CController.php(291): CFilterChain->run()
#11 C:\xampp\htdocs\yii3\framework\web\CController.php(265): CController->runActionWithFilters(Object(CInlineAction), Array)
#12 C:\xampp\htdocs\yii3\framework\web\CWebApplication.php(282): CController->run('create')
#13 C:\xampp\htdocs\yii3\framework\web\CWebApplication.php(141): CWebApplication->runController('producto/create')
#14 C:\xampp\htdocs\yii3\framework\base\CApplication.php(185): CWebApplication->processRequest()
#15 C:\xampp\htdocs\yii3\sistemas\index.php(13): CApplication->run()
#16 {main}
REQUEST_URI=/yii3/sistemas/producto/create.html
HTTP_REFERER=http://localhost/yii3/sistemas/producto/create.html
---
2021/03/21 14:56:00 [error] [exception.CHttpException.403] CHttpException: You are not authorized to perform this action. in C:\xampp\htdocs\yii3\framework\web\auth\CAccessControlFilter.php:183
Stack trace:
#0 C:\xampp\htdocs\yii3\framework\web\auth\CAccessControlFilter.php(145): CAccessControlFilter->accessDenied(Object(CWebUser), 'You are not aut...')
#1 C:\xampp\htdocs\yii3\framework\web\filters\CFilter.php(38): CAccessControlFilter->preFilter(Object(CFilterChain))
#2 C:\xampp\htdocs\yii3\framework\web\CController.php(1148): CFilter->filter(Object(CFilterChain))
#3 C:\xampp\htdocs\yii3\framework\web\filters\CInlineFilter.php(58): CController->filterAccessControl(Object(CFilterChain))
#4 C:\xampp\htdocs\yii3\framework\web\filters\CFilterChain.php(131): CInlineFilter->filter(Object(CFilterChain))
#5 C:\xampp\htdocs\yii3\framework\web\CController.php(291): CFilterChain->run()
#6 C:\xampp\htdocs\yii3\framework\web\CController.php(265): CController->runActionWithFilters(Object(CInlineAction), Array)
#7 C:\xampp\htdocs\yii3\framework\web\CWebApplication.php(282): CController->run('admin')
#8 C:\xampp\htdocs\yii3\framework\web\CWebApplication.php(141): CWebApplication->runController('producto/admin')
#9 C:\xampp\htdocs\yii3\framework\base\CApplication.php(185): CWebApplication->processRequest()
#10 C:\xampp\htdocs\yii3\sistemas\index.php(13): CApplication->run()
#11 {main}
REQUEST_URI=/yii3/sistemas/producto/admin.html
HTTP_REFERER=http://localhost/yii3/sistemas/producto/create.html
---
2021/03/21 15:18:38 [error] [exception.CException] CException: Property "LoginForm.usuario" is not defined. in C:\xampp\htdocs\yii3\framework\base\CComponent.php:130
Stack trace:
#0 C:\xampp\htdocs\yii3\framework\web\helpers\CHtml.php(2770): CComponent->__get('usuario')
#1 C:\xampp\htdocs\yii3\framework\web\helpers\CHtml.php(2493): CHtml::resolveValue(Object(LoginForm), 'usuario')
#2 C:\xampp\htdocs\yii3\framework\web\helpers\CHtml.php(1540): CHtml::activeInputField('text', Object(LoginForm), 'usuario', Array)
#3 C:\xampp\htdocs\yii3\framework\web\widgets\CActiveForm.php(793): CHtml::activeTextField(Object(LoginForm), 'usuario', Array)
#4 C:\xampp\htdocs\yii3\sistemas\protected\views\site\login.php(29): CActiveForm->textField(Object(LoginForm), 'usuario')
#5 C:\xampp\htdocs\yii3\framework\web\CBaseController.php(126): require('C:\\xampp\\htdocs...')
#6 C:\xampp\htdocs\yii3\framework\web\CBaseController.php(95): CBaseController->renderInternal('C:\\xampp\\htdocs...', Array, true)
#7 C:\xampp\htdocs\yii3\framework\web\CController.php(872): CBaseController->renderFile('C:\\xampp\\htdocs...', Array, true)
#8 C:\xampp\htdocs\yii3\framework\web\CController.php(785): CController->renderPartial('login', Array, true)
#9 C:\xampp\htdocs\yii3\sistemas\protected\controllers\SiteController.php(98): CController->render('login', Array)
#10 C:\xampp\htdocs\yii3\framework\web\actions\CInlineAction.php(49): SiteController->actionLogin()
#11 C:\xampp\htdocs\yii3\framework\web\CController.php(308): CInlineAction->runWithParams(Array)
#12 C:\xampp\htdocs\yii3\framework\web\CController.php(286): CController->runAction(Object(CInlineAction))
#13 C:\xampp\htdocs\yii3\framework\web\CController.php(265): CController->runActionWithFilters(Object(CInlineAction), Array)
#14 C:\xampp\htdocs\yii3\framework\web\CWebApplication.php(282): CController->run('login')
#15 C:\xampp\htdocs\yii3\framework\web\CWebApplication.php(141): CWebApplication->runController('site/login')
#16 C:\xampp\htdocs\yii3\framework\base\CApplication.php(185): CWebApplication->processRequest()
#17 C:\xampp\htdocs\yii3\sistemas\index.php(13): CApplication->run()
#18 {main}
REQUEST_URI=/yii3/sistemas/site/login.html
HTTP_REFERER=http://localhost/yii3/sistemas/
---
2021/03/21 15:19:51 [error] [exception.ParseError] ParseError: syntax error, unexpected 'class' (T_CLASS), expecting ')' in C:\xampp\htdocs\yii3\sistemas\protected\views\site\login.php:28
Stack trace:
#0 C:\xampp\htdocs\yii3\framework\web\CBaseController.php(95): CBaseController->renderInternal('C:\\xampp\\htdocs...', Array, true)
#1 C:\xampp\htdocs\yii3\framework\web\CController.php(872): CBaseController->renderFile('C:\\xampp\\htdocs...', Array, true)
#2 C:\xampp\htdocs\yii3\framework\web\CController.php(785): CController->renderPartial('login', Array, true)
#3 C:\xampp\htdocs\yii3\sistemas\protected\controllers\SiteController.php(98): CController->render('login', Array)
#4 C:\xampp\htdocs\yii3\framework\web\actions\CInlineAction.php(49): SiteController->actionLogin()
#5 C:\xampp\htdocs\yii3\framework\web\CController.php(308): CInlineAction->runWithParams(Array)
#6 C:\xampp\htdocs\yii3\framework\web\CController.php(286): CController->runAction(Object(CInlineAction))
#7 C:\xampp\htdocs\yii3\framework\web\CController.php(265): CController->runActionWithFilters(Object(CInlineAction), Array)
#8 C:\xampp\htdocs\yii3\framework\web\CWebApplication.php(282): CController->run('login')
#9 C:\xampp\htdocs\yii3\framework\web\CWebApplication.php(141): CWebApplication->runController('site/login')
#10 C:\xampp\htdocs\yii3\framework\base\CApplication.php(185): CWebApplication->processRequest()
#11 C:\xampp\htdocs\yii3\sistemas\index.php(13): CApplication->run()
#12 {main}
REQUEST_URI=/yii3/sistemas/site/login.html
HTTP_REFERER=http://localhost/yii3/sistemas/
---
2021/03/21 15:21:06 [error] [exception.CException] CException: Property "LoginForm.recuerdame" is not defined. in C:\xampp\htdocs\yii3\framework\base\CComponent.php:130
Stack trace:
#0 C:\xampp\htdocs\yii3\framework\web\helpers\CHtml.php(2770): CComponent->__get('recuerdame')
#1 C:\xampp\htdocs\yii3\framework\web\helpers\CHtml.php(1933): CHtml::resolveValue(Object(LoginForm), 'recuerdame')
#2 C:\xampp\htdocs\yii3\framework\web\widgets\CActiveForm.php(899): CHtml::activeCheckBox(Object(LoginForm), 'recuerdame', Array)
#3 C:\xampp\htdocs\yii3\sistemas\protected\views\site\login.php(41): CActiveForm->checkBox(Object(LoginForm), 'recuerdame')
#4 C:\xampp\htdocs\yii3\framework\web\CBaseController.php(126): require('C:\\xampp\\htdocs...')
#5 C:\xampp\htdocs\yii3\framework\web\CBaseController.php(95): CBaseController->renderInternal('C:\\xampp\\htdocs...', Array, true)
#6 C:\xampp\htdocs\yii3\framework\web\CController.php(872): CBaseController->renderFile('C:\\xampp\\htdocs...', Array, true)
#7 C:\xampp\htdocs\yii3\framework\web\CController.php(785): CController->renderPartial('login', Array, true)
#8 C:\xampp\htdocs\yii3\sistemas\protected\controllers\SiteController.php(98): CController->render('login', Array)
#9 C:\xampp\htdocs\yii3\framework\web\actions\CInlineAction.php(49): SiteController->actionLogin()
#10 C:\xampp\htdocs\yii3\framework\web\CController.php(308): CInlineAction->runWithParams(Array)
#11 C:\xampp\htdocs\yii3\framework\web\CController.php(286): CController->runAction(Object(CInlineAction))
#12 C:\xampp\htdocs\yii3\framework\web\CController.php(265): CController->runActionWithFilters(Object(CInlineAction), Array)
#13 C:\xampp\htdocs\yii3\framework\web\CWebApplication.php(282): CController->run('login')
#14 C:\xampp\htdocs\yii3\framework\web\CWebApplication.php(141): CWebApplication->runController('site/login')
#15 C:\xampp\htdocs\yii3\framework\base\CApplication.php(185): CWebApplication->processRequest()
#16 C:\xampp\htdocs\yii3\sistemas\index.php(13): CApplication->run()
#17 {main}
REQUEST_URI=/yii3/sistemas/site/login.html
---
2021/03/21 15:52:12 [error] [exception.CHttpException.404] CHttpException: The system is unable to find the requested action "indexsesion". in C:\xampp\htdocs\yii3\framework\web\CController.php:486
Stack trace:
#0 C:\xampp\htdocs\yii3\framework\web\CController.php(270): CController->missingAction('indexsesion')
#1 C:\xampp\htdocs\yii3\framework\web\CWebApplication.php(282): CController->run('indexsesion')
#2 C:\xampp\htdocs\yii3\framework\web\CWebApplication.php(141): CWebApplication->runController('site/indexsesio...')
#3 C:\xampp\htdocs\yii3\framework\base\CApplication.php(185): CWebApplication->processRequest()
#4 C:\xampp\htdocs\yii3\sistemas\index.php(13): CApplication->run()
#5 {main}
REQUEST_URI=/yii3/sistemas/site/indexsesion.html
HTTP_REFERER=http://localhost/yii3/sistemas/
---
2021/03/21 15:52:31 [error] [exception.CHttpException.404] CHttpException: The system is unable to find the requested action "indexsesion". in C:\xampp\htdocs\yii3\framework\web\CController.php:486
Stack trace:
#0 C:\xampp\htdocs\yii3\framework\web\CController.php(270): CController->missingAction('indexsesion')
#1 C:\xampp\htdocs\yii3\framework\web\CWebApplication.php(282): CController->run('indexsesion')
#2 C:\xampp\htdocs\yii3\framework\web\CWebApplication.php(141): CWebApplication->runController('site/indexsesio...')
#3 C:\xampp\htdocs\yii3\framework\base\CApplication.php(185): CWebApplication->processRequest()
#4 C:\xampp\htdocs\yii3\sistemas\index.php(13): CApplication->run()
#5 {main}
REQUEST_URI=/yii3/sistemas/site/indexsesion.html
HTTP_REFERER=http://localhost/yii3/sistemas/
---
2021/03/21 16:06:36 [error] [exception.CHttpException.404] CHttpException: Unable to resolve the request "models". in C:\xampp\htdocs\yii3\framework\web\CWebApplication.php:286
Stack trace:
#0 C:\xampp\htdocs\yii3\framework\web\CWebApplication.php(141): CWebApplication->runController('models')
#1 C:\xampp\htdocs\yii3\framework\base\CApplication.php(185): CWebApplication->processRequest()
#2 C:\xampp\htdocs\yii3\sistemas\index.php(13): CApplication->run()
#3 {main}
REQUEST_URI=/yii3/sistemas/models
---
2021/03/21 16:14:36 [error] [exception.ParseError] ParseError: syntax error, unexpected ''indexsesion'' (T_CONSTANT_ENCAPSED_STRING), expecting identifier (T_STRING) or variable (T_VARIABLE) or '{' or '$' in C:\xampp\htdocs\yii3\sistemas\protected\controllers\SiteController.php:95
Stack trace:
#0 C:\xampp\htdocs\yii3\framework\web\CWebApplication.php(276): CWebApplication->createController('')
#1 C:\xampp\htdocs\yii3\framework\web\CWebApplication.php(141): CWebApplication->runController('')
#2 C:\xampp\htdocs\yii3\framework\base\CApplication.php(185): CWebApplication->processRequest()
#3 C:\xampp\htdocs\yii3\sistemas\index.php(13): CApplication->run()
#4 {main}
REQUEST_URI=/yii3/sistemas/
HTTP_REFERER=http://localhost/yii3/sistemas/site/login.html
---
2021/03/21 16:14:40 [error] [exception.ParseError] ParseError: syntax error, unexpected ''indexsesion'' (T_CONSTANT_ENCAPSED_STRING), expecting identifier (T_STRING) or variable (T_VARIABLE) or '{' or '$' in C:\xampp\htdocs\yii3\sistemas\protected\controllers\SiteController.php:95
Stack trace:
#0 C:\xampp\htdocs\yii3\framework\web\CWebApplication.php(276): CWebApplication->createController('login/')
#1 C:\xampp\htdocs\yii3\framework\web\CWebApplication.php(141): CWebApplication->runController('site/login')
#2 C:\xampp\htdocs\yii3\framework\base\CApplication.php(185): CWebApplication->processRequest()
#3 C:\xampp\htdocs\yii3\sistemas\index.php(13): CApplication->run()
#4 {main}
REQUEST_URI=/yii3/sistemas/site/login.html
HTTP_REFERER=http://localhost/yii3/sistemas/site/login.html
---
2021/03/21 16:15:44 [error] [system.db.CDbCommand] CDbCommand::execute() failed: SQLSTATE[23000]: Integrity constraint violation: 1452 Cannot add or update a child row: a foreign key constraint fails (`sistemasinformacioni`.`t00300_producto`, CONSTRAINT `FK_Producto_Auditoria` FOREIGN KEY (`Co_Auditoria`) REFERENCES `t99999_auditoria` (`Co_Auditoria`)). The SQL statement executed was: INSERT INTO `t00300_producto` (`St_Activo`, `Nb_Producto`, `Co_Auditoria`) VALUES (:yp0, :yp1, :yp2).
in C:\xampp\htdocs\yii3\sistemas\protected\controllers\ProductoController.php (73)
in C:\xampp\htdocs\yii3\sistemas\index.php (13)
2021/03/21 16:15:44 [error] [exception.CDbException] CDbException: CDbCommand failed to execute the SQL statement: SQLSTATE[23000]: Integrity constraint violation: 1452 Cannot add or update a child row: a foreign key constraint fails (`sistemasinformacioni`.`t00300_producto`, CONSTRAINT `FK_Producto_Auditoria` FOREIGN KEY (`Co_Auditoria`) REFERENCES `t99999_auditoria` (`Co_Auditoria`)). The SQL statement executed was: INSERT INTO `t00300_producto` (`St_Activo`, `Nb_Producto`, `Co_Auditoria`) VALUES (:yp0, :yp1, :yp2) in C:\xampp\htdocs\yii3\framework\db\CDbCommand.php:358
Stack trace:
#0 C:\xampp\htdocs\yii3\framework\db\ar\CActiveRecord.php(1083): CDbCommand->execute()
#1 C:\xampp\htdocs\yii3\framework\db\ar\CActiveRecord.php(811): CActiveRecord->insert(NULL)
#2 C:\xampp\htdocs\yii3\sistemas\protected\controllers\ProductoController.php(73): CActiveRecord->save()
#3 C:\xampp\htdocs\yii3\framework\web\actions\CInlineAction.php(49): ProductoController->actionCreate()
#4 C:\xampp\htdocs\yii3\framework\web\CController.php(308): CInlineAction->runWithParams(Array)
#5 C:\xampp\htdocs\yii3\framework\web\filters\CFilterChain.php(134): CController->runAction(Object(CInlineAction))
#6 C:\xampp\htdocs\yii3\framework\web\filters\CFilter.php(40): CFilterChain->run()
#7 C:\xampp\htdocs\yii3\framework\web\CController.php(1148): CFilter->filter(Object(CFilterChain))
#8 C:\xampp\htdocs\yii3\framework\web\filters\CInlineFilter.php(58): CController->filterAccessControl(Object(CFilterChain))
#9 C:\xampp\htdocs\yii3\framework\web\filters\CFilterChain.php(131): CInlineFilter->filter(Object(CFilterChain))
#10 C:\xampp\htdocs\yii3\framework\web\CController.php(291): CFilterChain->run()
#11 C:\xampp\htdocs\yii3\framework\web\CController.php(265): CController->runActionWithFilters(Object(CInlineAction), Array)
#12 C:\xampp\htdocs\yii3\framework\web\CWebApplication.php(282): CController->run('create')
#13 C:\xampp\htdocs\yii3\framework\web\CWebApplication.php(141): CWebApplication->runController('producto/create')
#14 C:\xampp\htdocs\yii3\framework\base\CApplication.php(185): CWebApplication->processRequest()
#15 C:\xampp\htdocs\yii3\sistemas\index.php(13): CApplication->run()
#16 {main}
REQUEST_URI=/yii3/sistemas/producto/create.html
HTTP_REFERER=http://localhost/yii3/sistemas/producto/create.html
---
2021/03/21 16:25:26 [error] [exception.CHttpException.403] CHttpException: You are not authorized to perform this action. in C:\xampp\htdocs\yii3\framework\web\auth\CAccessControlFilter.php:183
Stack trace:
#0 C:\xampp\htdocs\yii3\framework\web\auth\CAccessControlFilter.php(145): CAccessControlFilter->accessDenied(Object(CWebUser), 'You are not aut...')
#1 C:\xampp\htdocs\yii3\framework\web\filters\CFilter.php(38): CAccessControlFilter->preFilter(Object(CFilterChain))
#2 C:\xampp\htdocs\yii3\framework\web\CController.php(1148): CFilter->filter(Object(CFilterChain))
#3 C:\xampp\htdocs\yii3\framework\web\filters\CInlineFilter.php(58): CController->filterAccessControl(Object(CFilterChain))
#4 C:\xampp\htdocs\yii3\framework\web\filters\CFilterChain.php(131): CInlineFilter->filter(Object(CFilterChain))
#5 C:\xampp\htdocs\yii3\framework\web\CController.php(291): CFilterChain->run()
#6 C:\xampp\htdocs\yii3\framework\web\CController.php(265): CController->runActionWithFilters(Object(CInlineAction), Array)
#7 C:\xampp\htdocs\yii3\framework\web\CWebApplication.php(282): CController->run('admin')
#8 C:\xampp\htdocs\yii3\framework\web\CWebApplication.php(141): CWebApplication->runController('producto/admin')
#9 C:\xampp\htdocs\yii3\framework\base\CApplication.php(185): CWebApplication->processRequest()
#10 C:\xampp\htdocs\yii3\sistemas\index.php(13): CApplication->run()
#11 {main}
REQUEST_URI=/yii3/sistemas/producto/admin.html
HTTP_REFERER=http://localhost/yii3/sistemas/producto/create.html
---
2021/03/21 16:25:39 [error] [system.db.CDbCommand] CDbCommand::execute() failed: SQLSTATE[23000]: Integrity constraint violation: 1452 Cannot add or update a child row: a foreign key constraint fails (`sistemasinformacioni`.`t00300_producto`, CONSTRAINT `FK_Producto_Auditoria` FOREIGN KEY (`Co_Auditoria`) REFERENCES `t99999_auditoria` (`Co_Auditoria`)). The SQL statement executed was: INSERT INTO `t00300_producto` (`St_Activo`, `Nb_Producto`, `Co_Auditoria`) VALUES (:yp0, :yp1, :yp2).
in C:\xampp\htdocs\yii3\sistemas\protected\controllers\ProductoController.php (73)
in C:\xampp\htdocs\yii3\sistemas\index.php (13)
2021/03/21 16:25:39 [error] [exception.CDbException] CDbException: CDbCommand failed to execute the SQL statement: SQLSTATE[23000]: Integrity constraint violation: 1452 Cannot add or update a child row: a foreign key constraint fails (`sistemasinformacioni`.`t00300_producto`, CONSTRAINT `FK_Producto_Auditoria` FOREIGN KEY (`Co_Auditoria`) REFERENCES `t99999_auditoria` (`Co_Auditoria`)). The SQL statement executed was: INSERT INTO `t00300_producto` (`St_Activo`, `Nb_Producto`, `Co_Auditoria`) VALUES (:yp0, :yp1, :yp2) in C:\xampp\htdocs\yii3\framework\db\CDbCommand.php:358
Stack trace:
#0 C:\xampp\htdocs\yii3\framework\db\ar\CActiveRecord.php(1083): CDbCommand->execute()
#1 C:\xampp\htdocs\yii3\framework\db\ar\CActiveRecord.php(811): CActiveRecord->insert(NULL)
#2 C:\xampp\htdocs\yii3\sistemas\protected\controllers\ProductoController.php(73): CActiveRecord->save()
#3 C:\xampp\htdocs\yii3\framework\web\actions\CInlineAction.php(49): ProductoController->actionCreate()
#4 C:\xampp\htdocs\yii3\framework\web\CController.php(308): CInlineAction->runWithParams(Array)
#5 C:\xampp\htdocs\yii3\framework\web\filters\CFilterChain.php(134): CController->runAction(Object(CInlineAction))
#6 C:\xampp\htdocs\yii3\framework\web\filters\CFilter.php(40): CFilterChain->run()
#7 C:\xampp\htdocs\yii3\framework\web\CController.php(1148): CFilter->filter(Object(CFilterChain))
#8 C:\xampp\htdocs\yii3\framework\web\filters\CInlineFilter.php(58): CController->filterAccessControl(Object(CFilterChain))
#9 C:\xampp\htdocs\yii3\framework\web\filters\CFilterChain.php(131): CInlineFilter->filter(Object(CFilterChain))
#10 C:\xampp\htdocs\yii3\framework\web\CController.php(291): CFilterChain->run()
#11 C:\xampp\htdocs\yii3\framework\web\CController.php(265): CController->runActionWithFilters(Object(CInlineAction), Array)
#12 C:\xampp\htdocs\yii3\framework\web\CWebApplication.php(282): CController->run('create')
#13 C:\xampp\htdocs\yii3\framework\web\CWebApplication.php(141): CWebApplication->runController('producto/create')
#14 C:\xampp\htdocs\yii3\framework\base\CApplication.php(185): CWebApplication->processRequest()
#15 C:\xampp\htdocs\yii3\sistemas\index.php(13): CApplication->run()
#16 {main}
REQUEST_URI=/yii3/sistemas/producto/create.html
HTTP_REFERER=http://localhost/yii3/sistemas/producto/create.html
---
2021/03/21 16:25:43 [error] [system.db.CDbCommand] CDbCommand::execute() failed: SQLSTATE[23000]: Integrity constraint violation: 1452 Cannot add or update a child row: a foreign key constraint fails (`sistemasinformacioni`.`t00300_producto`, CONSTRAINT `FK_Producto_Auditoria` FOREIGN KEY (`Co_Auditoria`) REFERENCES `t99999_auditoria` (`Co_Auditoria`)). The SQL statement executed was: INSERT INTO `t00300_producto` (`St_Activo`, `Nb_Producto`, `Co_Auditoria`) VALUES (:yp0, :yp1, :yp2).
in C:\xampp\htdocs\yii3\sistemas\protected\controllers\ProductoController.php (73)
in C:\xampp\htdocs\yii3\sistemas\index.php (13)
2021/03/21 16:25:43 [error] [exception.CDbException] CDbException: CDbCommand failed to execute the SQL statement: SQLSTATE[23000]: Integrity constraint violation: 1452 Cannot add or update a child row: a foreign key constraint fails (`sistemasinformacioni`.`t00300_producto`, CONSTRAINT `FK_Producto_Auditoria` FOREIGN KEY (`Co_Auditoria`) REFERENCES `t99999_auditoria` (`Co_Auditoria`)). The SQL statement executed was: INSERT INTO `t00300_producto` (`St_Activo`, `Nb_Producto`, `Co_Auditoria`) VALUES (:yp0, :yp1, :yp2) in C:\xampp\htdocs\yii3\framework\db\CDbCommand.php:358
Stack trace:
#0 C:\xampp\htdocs\yii3\framework\db\ar\CActiveRecord.php(1083): CDbCommand->execute()
#1 C:\xampp\htdocs\yii3\framework\db\ar\CActiveRecord.php(811): CActiveRecord->insert(NULL)
#2 C:\xampp\htdocs\yii3\sistemas\protected\controllers\ProductoController.php(73): CActiveRecord->save()
#3 C:\xampp\htdocs\yii3\framework\web\actions\CInlineAction.php(49): ProductoController->actionCreate()
#4 C:\xampp\htdocs\yii3\framework\web\CController.php(308): CInlineAction->runWithParams(Array)
#5 C:\xampp\htdocs\yii3\framework\web\filters\CFilterChain.php(134): CController->runAction(Object(CInlineAction))
#6 C:\xampp\htdocs\yii3\framework\web\filters\CFilter.php(40): CFilterChain->run()
#7 C:\xampp\htdocs\yii3\framework\web\CController.php(1148): CFilter->filter(Object(CFilterChain))
#8 C:\xampp\htdocs\yii3\framework\web\filters\CInlineFilter.php(58): CController->filterAccessControl(Object(CFilterChain))
#9 C:\xampp\htdocs\yii3\framework\web\filters\CFilterChain.php(131): CInlineFilter->filter(Object(CFilterChain))
#10 C:\xampp\htdocs\yii3\framework\web\CController.php(291): CFilterChain->run()
#11 C:\xampp\htdocs\yii3\framework\web\CController.php(265): CController->runActionWithFilters(Object(CInlineAction), Array)
#12 C:\xampp\htdocs\yii3\framework\web\CWebApplication.php(282): CController->run('create')
#13 C:\xampp\htdocs\yii3\framework\web\CWebApplication.php(141): CWebApplication->runController('producto/create')
#14 C:\xampp\htdocs\yii3\framework\base\CApplication.php(185): CWebApplication->processRequest()
#15 C:\xampp\htdocs\yii3\sistemas\index.php(13): CApplication->run()
#16 {main}
REQUEST_URI=/yii3/sistemas/producto/create.html
HTTP_REFERER=http://localhost/yii3/sistemas/producto/create.html
---
